<?xml version="1.0" encoding="UTF-8"?>
<!-- Generated by org.testng.reporters.JUnitReportReporter -->
<testsuite hostname="Lenovo" failures="0" tests="1" name="Mav_Mav.Data_Driver.Parameterized_Concept" time="43.419" errors="0" timestamp="2021-11-23T09:24:50 IST" skipped="0">
  <testcase classname="Mav_Mav.Data_Driver.Parameterized_Concept" name="login" time="43.419"/>
  <system-out/>
</testsuite> <!-- Mav_Mav.Data_Driver.Parameterized_Concept -->
