<?xml version="1.0" encoding="UTF-8"?>
<!-- Generated by org.testng.reporters.JUnitReportReporter -->
<testsuite hostname="Lenovo" failures="0" tests="3" name="Mav_Mav.Data_Driver.Parallel_Concept" time="363.370" errors="0" timestamp="2021-11-19T08:58:05 IST" skipped="0">
  <testcase classname="Mav_Mav.Data_Driver.Parallel_Concept" name="Icecream" time="143.565"/>
  <system-out/>
  <testcase classname="Mav_Mav.Data_Driver.Parallel_Concept" name="Food" time="129.681"/>
  <system-out/>
  <testcase classname="Mav_Mav.Data_Driver.Parallel_Concept" name="Snacks" time="90.124"/>
  <system-out/>
</testsuite> <!-- Mav_Mav.Data_Driver.Parallel_Concept -->
