<?xml version="1.0" encoding="UTF-8"?>
<!-- Generated by org.testng.reporters.JUnitReportReporter -->
<testsuite hostname="Lenovo" failures="0" tests="6" name="Mav_Mav.Data_Driver.All" time="190.431" errors="0" timestamp="2021-11-18T19:07:29 IST" skipped="0">
  <testcase classname="Mav_Mav.Data_Driver.All" name="Facebook" time="23.067"/>
  <system-out/>
  <testcase classname="Mav_Mav.Data_Driver.All" name="Insta" time="15.929"/>
  <system-out/>
  <testcase classname="Mav_Mav.Data_Driver.All" name="Insta" time="20.938"/>
  <system-out/>
  <testcase classname="Mav_Mav.Data_Driver.All" name="Food" time="44.179"/>
  <system-out/>
  <testcase classname="Mav_Mav.Data_Driver.All" name="Youtube" time="72.423"/>
  <system-out/>
  <testcase classname="Mav_Mav.Data_Driver.All" name="Whatsapp" time="13.895"/>
  <system-out/>
</testsuite> <!-- Mav_Mav.Data_Driver.All -->
