<?xml version="1.0" encoding="UTF-8"?>
<!-- Generated by org.testng.reporters.JUnitReportReporter -->
<testsuite hostname="Lenovo" failures="0" tests="1" name="Mav_Mav.Data_Driver.Retry_Assert" time="0.133" errors="0" timestamp="2021-11-24T16:18:58 IST" skipped="0">
  <testcase classname="Mav_Mav.Data_Driver.Retry_Assert" name="userValidation" time="0.133"/>
  <system-out/>
</testsuite> <!-- Mav_Mav.Data_Driver.Retry_Assert -->
