<?xml version="1.0" encoding="UTF-8"?>
<!-- Generated by org.testng.reporters.JUnitReportReporter -->
<testsuite hostname="Lenovo" failures="0" tests="3" name="Mav_Mav.Data_Driver.Dependsonmethod_Concept" time="91.366" errors="0" timestamp="2021-11-19T09:18:45 IST" skipped="0">
  <testcase classname="Mav_Mav.Data_Driver.Dependsonmethod_Concept" name="Food" time="41.308"/>
  <system-out/>
  <testcase classname="Mav_Mav.Data_Driver.Dependsonmethod_Concept" name="Icecream" time="30.087"/>
  <system-out/>
  <testcase classname="Mav_Mav.Data_Driver.Dependsonmethod_Concept" name="Snacks" time="19.971"/>
  <system-out/>
</testsuite> <!-- Mav_Mav.Data_Driver.Dependsonmethod_Concept -->
