<?xml version="1.0" encoding="UTF-8"?>
<!-- Generated by org.testng.reporters.JUnitReportReporter -->
<testsuite hostname="Lenovo" failures="0" tests="2" name="Mav_Mav.Data_Driver.Simple_Anno" time="0.070" errors="0" timestamp="2021-11-17T12:40:37 IST" skipped="0">
  <testcase classname="Mav_Mav.Data_Driver.Simple_Anno" name="model" time="0.028"/>
  <system-out/>
  <testcase classname="Mav_Mav.Data_Driver.Simple_Anno" name="Accessories" time="0.042"/>
  <system-out/>
</testsuite> <!-- Mav_Mav.Data_Driver.Simple_Anno -->
