<?xml version="1.0" encoding="UTF-8"?>
<!-- Generated by org.testng.reporters.JUnitReportReporter -->
<testsuite hostname="Lenovo" failures="0" tests="4" name="Mav_Mav.Data_Driver.Groups_Concept" time="0.068" errors="0" timestamp="2021-11-18T10:48:02 IST" skipped="0">
  <testcase classname="Mav_Mav.Data_Driver.Groups_Concept" name="cmpny_Location" time="0.032"/>
  <system-out/>
  <testcase classname="Mav_Mav.Data_Driver.Groups_Concept" name="cmpny_Name" time="0.006"/>
  <system-out/>
  <testcase classname="Mav_Mav.Data_Driver.Groups_Concept" name="emp_id" time="0.010"/>
  <system-out/>
  <testcase classname="Mav_Mav.Data_Driver.Groups_Concept" name="emp_Salary" time="0.020"/>
  <system-out/>
</testsuite> <!-- Mav_Mav.Data_Driver.Groups_Concept -->
