<?xml version="1.0" encoding="UTF-8"?>
<!-- Generated by org.testng.reporters.JUnitReportReporter -->
<testsuite hostname="Lenovo" failures="0" tests="4" name="Mav_Mav.Data_Driver.Ignore_Concept" time="0.077" errors="0" timestamp="2021-11-17T11:38:14 IST" skipped="0">
  <testcase classname="Mav_Mav.Data_Driver.Ignore_Concept" name="flipkart" time="0.006"/>
  <system-out/>
  <testcase classname="Mav_Mav.Data_Driver.Ignore_Concept" name="snapdeal" time="0.023"/>
  <system-out/>
  <testcase classname="Mav_Mav.Data_Driver.Ignore_Concept" name="myntra" time="0.008"/>
  <system-out/>
  <testcase classname="Mav_Mav.Data_Driver.Ignore_Concept" name="amazon" time="0.040"/>
  <system-out/>
</testsuite> <!-- Mav_Mav.Data_Driver.Ignore_Concept -->
