<?xml version="1.0" encoding="UTF-8"?>
<!-- Generated by org.testng.reporters.JUnitReportReporter -->
<testsuite hostname="Lenovo" failures="0" tests="6" name="Mav_Mav.Data_Driver.Priority" time="0.106" errors="0" timestamp="2021-11-18T10:30:08 IST" skipped="0">
  <testcase classname="Mav_Mav.Data_Driver.Priority" name="instagram" time="0.028"/>
  <system-out/>
  <testcase classname="Mav_Mav.Data_Driver.Priority" name="whatsapp_web" time="0.009"/>
  <system-out/>
  <testcase classname="Mav_Mav.Data_Driver.Priority" name="skype" time="0.017"/>
  <system-out/>
  <testcase classname="Mav_Mav.Data_Driver.Priority" name="facebook" time="0.023"/>
  <system-out/>
  <testcase classname="Mav_Mav.Data_Driver.Priority" name="schat" time="0.019"/>
  <system-out/>
  <testcase classname="Mav_Mav.Data_Driver.Priority" name="telegram" time="0.010"/>
  <system-out/>
</testsuite> <!-- Mav_Mav.Data_Driver.Priority -->
